send: spawn id exp6 not open
    while executing
"send "$tcmd\r""
    (procedure "cmdexec" line 57)
    invoked from within
"cmdexec $lgfileh"
    (file "/home/swaziland/PM-Automation/bin/prod/smartex.exp" line 65)
send: spawn id exp6 not open
    while executing
"send "$tcmd\r""
    (procedure "cmdexec" line 57)
    invoked from within
"cmdexec $lgfileh"
    (file "/home/swaziland/PM-Automation/bin/prod/smartex.exp" line 65)
can't read "herenow": no such variable
    while executing
"puts $lgfileh "$herenow : closing log...""
    invoked from within
"if {$RETRY == 0 } {
      if {$LOGINSUCC != 1} {
      puts $lgfileh "Fatal : Login failure : aborting !"
      puts $lgfileh "$herenow : closing log...."
    (file "/home/swaziland/PM-Automation/bin/prod/smartex.exp" line 56)
hanging ip :
